{
  "stats": {
    "suites": 2,
    "tests": 1,
    "passes": 0,
    "pending": 0,
    "failures": 1,
    "start": "2025-12-17T10:53:08.134Z",
    "end": "2025-12-17T10:53:15.678Z",
    "duration": 7544,
    "testsRegistered": 1,
    "passPercent": 0,
    "pendingPercent": 0,
    "other": 0,
    "hasOther": false,
    "skipped": 0,
    "hasSkipped": false
  },
  "results": [
    {
      "uuid": "6ec83c33-38c6-4f6f-a863-b81b27bed51f",
      "title": "",
      "fullFile": "cypress/e2e/bajraLogin.cy.js",
      "file": "cypress/e2e/bajraLogin.cy.js",
      "beforeHooks": [],
      "afterHooks": [],
      "tests": [],
      "suites": [
        {
          "uuid": "a914c63b-e17d-4e57-be82-42869ea242c0",
          "title": "Bajra Login flow",
          "fullFile": "",
          "file": "",
          "beforeHooks": [],
          "afterHooks": [],
          "tests": [],
          "suites": [
            {
              "uuid": "57df83ad-a227-4ec9-b63d-2d661a2bb2ba",
              "title": "User is on the browser with internet enabled.",
              "fullFile": "",
              "file": "",
              "beforeHooks": [],
              "afterHooks": [],
              "tests": [
                {
                  "title": "Logs into bajra webstie",
                  "fullTitle": "Bajra Login flow User is on the browser with internet enabled. Logs into bajra webstie",
                  "timedOut": null,
                  "duration": 7474,
                  "state": "failed",
                  "speed": null,
                  "pass": false,
                  "fail": true,
                  "pending": false,
                  "context": null,
                  "code": "cy.visit(\"web/login\");\ncy.get(\"#login\").should(\"not.be.visible\").type(Cypress.env(\"email\"));\ncy.get(\"#password\").should(\"be.visible\").type(Cypress.env(\"password\"));\ncy.get(\"#wrapwrap > main > div > form > div.clearfix.oe_login_buttons.text-center.mb-1.pt-3 > button\").click();",
                  "err": {
                    "message": "AssertionError: Timed out retrying after 4000ms: expected '<input#login.form-control.>' not to be 'visible'",
                    "estack": "AssertionError: Timed out retrying after 4000ms: expected '<input#login.form-control.>' not to be 'visible'\n    at Context.eval (webpack://cypress/./cypress/e2e/bajraLogin.cy.js:7:29)",
                    "diff": null
                  },
                  "uuid": "0ad08dfc-8194-476c-8fcf-38f9e1130d5b",
                  "parentUUID": "57df83ad-a227-4ec9-b63d-2d661a2bb2ba",
                  "isHook": false,
                  "skipped": false
                }
              ],
              "suites": [],
              "passes": [],
              "failures": [
                "0ad08dfc-8194-476c-8fcf-38f9e1130d5b"
              ],
              "pending": [],
              "skipped": [],
              "duration": 7474,
              "root": false,
              "rootEmpty": false,
              "_timeout": 2000
            }
          ],
          "passes": [],
          "failures": [],
          "pending": [],
          "skipped": [],
          "duration": 0,
          "root": false,
          "rootEmpty": false,
          "_timeout": 2000
        }
      ],
      "passes": [],
      "failures": [],
      "pending": [],
      "skipped": [],
      "duration": 0,
      "root": true,
      "rootEmpty": true,
      "_timeout": 2000
    }
  ],
  "meta": {
    "mocha": {
      "version": "7.2.0"
    },
    "mochawesome": {
      "options": {
        "quiet": false,
        "reportFilename": "mochawesome",
        "saveHtml": true,
        "saveJson": true,
        "consoleReporter": "spec",
        "useInlineDiffs": false,
        "code": true
      },
      "version": "7.1.4"
    },
    "marge": {
      "options": null,
      "version": "6.3.2"
    }
  }
}